2021-12-21 22:31:53,718:INFO:PyCaret Classification Module
2021-12-21 22:31:53,718:INFO:version 2.1.2
2021-12-21 22:31:53,718:INFO:Initializing setup()
2021-12-21 22:31:53,718:INFO:USI: bd0d
2021-12-21 22:31:53,718:INFO:setup(data=(2015112, 10), target=Target, train_size=0.7, sampling=True, sample_estimator=None, categorical_features=None, categorical_imputation=constant, ordinal_features=None,
                    high_cardinality_features=None, high_cardinality_method=frequency, numeric_features=None, numeric_imputation=mean, date_features=None, ignore_features=None, normalize=False,
                    normalize_method=zscore, transformation=False, transformation_method=yeo-johnson, handle_unknown_categorical=True, unknown_categorical_method=least_frequent, pca=False, pca_method=linear,
                    pca_components=None, ignore_low_variance=False, combine_rare_levels=False, rare_level_threshold=0.1, bin_numeric_features=None, remove_outliers=False, outliers_threshold=0.05,
                    remove_multicollinearity=False, multicollinearity_threshold=0.9, remove_perfect_collinearity=False, create_clusters=False, cluster_iter=20,
                    polynomial_features=False, polynomial_degree=2, trigonometry_features=False, polynomial_threshold=0.1, group_features=None,
                    group_names=None, feature_selection=False, feature_selection_threshold=0.8, feature_interaction=False, feature_ratio=False, interaction_threshold=0.01,
                    fix_imbalance=False, fix_imbalance_method=None, data_split_shuffle=True, folds_shuffle=False, n_jobs=-1, html=True, session_id=None, log_experiment=False,
                    experiment_name=None, log_plots=False, log_profile=False, log_data=False, silent=False, verbose=True, profile=False)
2021-12-21 22:31:53,718:INFO:Checking environment
2021-12-21 22:31:53,718:INFO:python_version: 3.9.2
2021-12-21 22:31:53,718:INFO:python_build: ('default', 'Mar  3 2021 20:02:32')
2021-12-21 22:31:53,718:INFO:machine: x86_64
2021-12-21 22:31:53,723:INFO:platform: Linux-5.11.0-43-generic-x86_64-with-glibc2.31
2021-12-21 22:31:53,743:INFO:Memory: svmem(total=67295944704, available=55187886080, percent=18.0, used=10810363904, free=17011953664, active=2863927296, inactive=45201068032, buffers=12358864896, cached=27114762240, shared=970932224, slab=1130348544)
2021-12-21 22:31:53,743:INFO:Physical Core: 6
2021-12-21 22:31:53,743:INFO:Logical Core: 12
2021-12-21 22:31:53,743:INFO:Checking libraries
2021-12-21 22:31:53,743:INFO:pd==1.2.3
2021-12-21 22:31:53,743:INFO:numpy==1.20.2
2021-12-21 22:31:54,190:INFO:sklearn==0.23.2
2021-12-21 22:31:54,342:INFO:xgboost==1.3.3
2021-12-21 22:31:54,768:INFO:lightgbm==3.2.0
2021-12-21 22:31:54,863:INFO:catboost==0.25
2021-12-21 22:31:55,061:INFO:mlflow==1.15.0
2021-12-21 22:31:55,061:INFO:Checking Exceptions
2021-12-21 22:31:55,061:INFO:Preloading libraries
2021-12-21 22:31:55,061:INFO:Preparing display monitor
2021-12-21 22:31:55,070:INFO:Importing libraries
2021-12-21 22:31:55,493:INFO:Declaring global variables
2021-12-21 22:31:55,494:INFO:Copying data for preprocessing
2021-12-21 22:31:55,528:INFO:Declaring preprocessing parameters
2021-12-21 22:31:55,528:INFO:Importing preprocessing module
2021-12-21 22:31:56,137:INFO:Creating preprocessing pipeline
2021-12-21 22:33:12,782:INFO:PyCaret Classification Module
2021-12-21 22:33:12,782:INFO:version 2.1.2
2021-12-21 22:33:12,782:INFO:Initializing setup()
2021-12-21 22:33:12,782:INFO:USI: 469d
2021-12-21 22:33:12,783:INFO:setup(data=(2015112, 10), target=Target, train_size=0.7, sampling=True, sample_estimator=None, categorical_features=None, categorical_imputation=constant, ordinal_features=None,
                    high_cardinality_features=None, high_cardinality_method=frequency, numeric_features=None, numeric_imputation=mean, date_features=None, ignore_features=None, normalize=False,
                    normalize_method=zscore, transformation=False, transformation_method=yeo-johnson, handle_unknown_categorical=True, unknown_categorical_method=least_frequent, pca=False, pca_method=linear,
                    pca_components=None, ignore_low_variance=False, combine_rare_levels=False, rare_level_threshold=0.1, bin_numeric_features=None, remove_outliers=False, outliers_threshold=0.05,
                    remove_multicollinearity=False, multicollinearity_threshold=0.9, remove_perfect_collinearity=False, create_clusters=False, cluster_iter=20,
                    polynomial_features=False, polynomial_degree=2, trigonometry_features=False, polynomial_threshold=0.1, group_features=None,
                    group_names=None, feature_selection=False, feature_selection_threshold=0.8, feature_interaction=False, feature_ratio=False, interaction_threshold=0.01,
                    fix_imbalance=False, fix_imbalance_method=None, data_split_shuffle=True, folds_shuffle=False, n_jobs=-1, html=True, session_id=None, log_experiment=False,
                    experiment_name=None, log_plots=False, log_profile=False, log_data=False, silent=True, verbose=True, profile=False)
2021-12-21 22:33:12,783:INFO:Checking environment
2021-12-21 22:33:12,783:INFO:python_version: 3.9.2
2021-12-21 22:33:12,783:INFO:python_build: ('default', 'Mar  3 2021 20:02:32')
2021-12-21 22:33:12,783:INFO:machine: x86_64
2021-12-21 22:33:12,788:INFO:platform: Linux-5.11.0-43-generic-x86_64-with-glibc2.31
2021-12-21 22:33:12,795:INFO:Memory: svmem(total=67295944704, available=55311257600, percent=17.8, used=10706333696, free=16950636544, active=2899783680, inactive=45222211584, buffers=12370714624, cached=27268259840, shared=954896384, slab=1137709056)
2021-12-21 22:33:12,796:INFO:Physical Core: 6
2021-12-21 22:33:12,796:INFO:Logical Core: 12
2021-12-21 22:33:12,796:INFO:Checking libraries
2021-12-21 22:33:12,796:INFO:pd==1.2.3
2021-12-21 22:33:12,796:INFO:numpy==1.20.2
2021-12-21 22:33:13,065:INFO:sklearn==0.23.2
2021-12-21 22:33:13,128:INFO:xgboost==1.3.3
2021-12-21 22:33:13,392:INFO:lightgbm==3.2.0
2021-12-21 22:33:13,420:INFO:catboost==0.25
2021-12-21 22:33:13,548:INFO:mlflow==1.15.0
2021-12-21 22:33:13,549:INFO:Checking Exceptions
2021-12-21 22:33:13,549:INFO:Preloading libraries
2021-12-21 22:33:13,549:INFO:Preparing display monitor
2021-12-21 22:33:13,559:INFO:Importing libraries
2021-12-21 22:33:13,864:INFO:Declaring global variables
2021-12-21 22:33:13,864:INFO:Copying data for preprocessing
2021-12-21 22:33:13,895:INFO:Declaring preprocessing parameters
2021-12-21 22:33:13,895:INFO:Importing preprocessing module
2021-12-21 22:33:14,201:INFO:Creating preprocessing pipeline
2021-12-21 22:33:24,259:INFO:Preprocessing pipeline created successfully
2021-12-21 22:33:24,260:ERROR:(Process Exit): setup has been interupted with user command 'quit'. setup must rerun.
2021-12-21 22:33:24,260:INFO:Creating grid variables
2021-12-21 22:33:24,287:INFO:Creating global containers
2021-12-21 22:38:35,432:INFO:PyCaret Regression Module
2021-12-21 22:38:35,432:INFO:version 2.1.2
2021-12-21 22:38:35,432:INFO:Initializing setup()
2021-12-21 22:38:35,432:INFO:USI: a2ca
2021-12-21 22:38:35,432:INFO:setup(data=(2015112, 10), target=Target, train_size=0.7, sampling=True, sample_estimator=None, categorical_features=None, categorical_imputation=constant, ordinal_features=None,
                    high_cardinality_features=None, high_cardinality_method=frequency, numeric_features=None, numeric_imputation=mean, date_features=None, ignore_features=None, normalize=False,
                    normalize_method=zscore, transformation=False, transformation_method=yeo-johnson, handle_unknown_categorical=True, unknown_categorical_method=least_frequent, pca=False, pca_method=linear,
                    pca_components=None, ignore_low_variance=False, combine_rare_levels=False, rare_level_threshold=0.1, bin_numeric_features=None, remove_outliers=False, outliers_threshold=0.05,
                    remove_multicollinearity=False, multicollinearity_threshold=0.9, remove_perfect_collinearity=False, create_clusters=False, cluster_iter=20,
                    polynomial_features=False, polynomial_degree=2, trigonometry_features=False, polynomial_threshold=0.1, group_features=None,
                    group_names=None, feature_selection=False, feature_selection_threshold=0.8, feature_interaction=False, feature_ratio=False, interaction_threshold=0.01, transform_target=False,
                    transform_target_method=box-cox, data_split_shuffle=True, folds_shuffle=False, n_jobs=-1, html=True, session_id=None, log_experiment=False,
                    experiment_name=None, log_plots=False, log_profile=False, log_data=False, silent=True, verbose=True, profile=False)
2021-12-21 22:38:35,432:INFO:Checking environment
2021-12-21 22:38:35,432:INFO:python_version: 3.9.2
2021-12-21 22:38:35,432:INFO:python_build: ('default', 'Mar  3 2021 20:02:32')
2021-12-21 22:38:35,432:INFO:machine: x86_64
2021-12-21 22:38:35,432:INFO:platform: Linux-5.11.0-43-generic-x86_64-with-glibc2.31
2021-12-21 22:38:35,433:INFO:Memory: svmem(total=67295944704, available=53508861952, percent=20.5, used=12477030400, free=10741620736, active=4362309632, inactive=46935166976, buffers=13790081024, cached=30287212544, shared=969490432, slab=4149145600)
2021-12-21 22:38:35,433:INFO:Physical Core: 6
2021-12-21 22:38:35,433:INFO:Logical Core: 12
2021-12-21 22:38:35,433:INFO:Checking libraries
2021-12-21 22:38:35,433:INFO:pd==1.2.3
2021-12-21 22:38:35,433:INFO:numpy==1.20.2
2021-12-21 22:38:35,433:INFO:sklearn==0.23.2
2021-12-21 22:38:35,433:INFO:xgboost==1.3.3
2021-12-21 22:38:35,434:INFO:lightgbm==3.2.0
2021-12-21 22:38:35,434:INFO:catboost==0.25
2021-12-21 22:38:35,434:INFO:mlflow==1.15.0
2021-12-21 22:38:35,434:INFO:Checking Exceptions
2021-12-21 22:38:35,434:INFO:Preloading libraries
2021-12-21 22:38:35,434:INFO:Preparing display monitor
2021-12-21 22:38:35,444:INFO:Importing libraries
2021-12-21 22:38:35,446:INFO:Declaring global variables
2021-12-21 22:38:35,446:INFO:Copying data for preprocessing
2021-12-21 22:38:35,473:INFO:Declaring preprocessing parameters
2021-12-21 22:38:35,473:INFO:Importing preprocessing module
2021-12-21 22:38:35,473:INFO:Creating preprocessing pipeline
2021-12-21 22:38:45,462:INFO:Preprocessing pipeline created successfully
2021-12-21 22:38:45,462:INFO:No inverse transformer found
2021-12-21 22:38:45,462:INFO:Creating grid variables
2021-12-21 22:38:45,486:INFO:Creating global containers
2021-12-21 22:38:46,059:INFO:create_model_container: 0
2021-12-21 22:38:46,059:INFO:master_model_container: 0
2021-12-21 22:38:46,059:INFO:display_container: 0
2021-12-21 22:38:46,059:INFO:setup() succesfully completed......................................
